{
  "RSpec": {
    "coverage": {
      "/Users/ginafrankel/Projects/Afternoon_challenge/week_4/Bookmark_manager/spec/bookmark_spec.rb": {
        "lines": [
          1,
          null,
          1,
          1,
          1,
          null,
          1,
          1,
          null,
          null,
          1,
          null,
          null,
          1,
          null,
          null,
          null,
          null,
          null
        ]
      },
      "/Users/ginafrankel/Projects/Afternoon_challenge/week_4/Bookmark_manager/spec/features/add_bookmarks_spec.rb": {
        "lines": [
          1,
          1,
          1,
          1,
          1,
          null,
          1,
          1,
          1,
          1,
          1,
          1,
          1,
          null,
          null
        ]
      },
      "/Users/ginafrankel/Projects/Afternoon_challenge/week_4/Bookmark_manager/spec/features/showing_bookmarkes_spec.rb": {
        "lines": [
          1,
          1,
          1,
          1,
          null,
          1,
          1,
          1,
          1,
          null,
          1,
          1,
          1,
          1,
          null,
          null
        ]
      }
    },
    "timestamp": 1586598725
  }
}
