{
  "RSpec": {
    "coverage": {
      "/Users/student/Projects/pairchallengs/bookmark-manager-all/bookmarks/spec/bookmark_spec.rb": {
        "lines": [
          1,
          null,
          1,
          1,
          1,
          null,
          1,
          1,
          null,
          null,
          1,
          null,
          null,
          1,
          null,
          null,
          null,
          null,
          null
        ]
      },
      "/Users/student/Projects/pairchallengs/bookmark-manager-all/bookmarks/spec/features/showing_bookmarkes_spec.rb": {
        "lines": [
          1,
          1,
          1,
          1,
          null,
          1,
          1,
          1,
          1,
          null,
          1,
          1,
          1,
          1,
          null,
          null
        ]
      }
    },
    "timestamp": 1586358126
  }
}
